{"/mnt/e/projects/tree-converter/src/main.js": {"path":"/mnt/e/projects/tree-converter/src/main.js","statementMap":{"0":{"start":{"line":1,"column":27},"end":{"line":28,"column":1}},"1":{"start":{"line":12,"column":17},"end":{"line":12,"column":19}},"2":{"start":{"line":13,"column":13},"end":{"line":13,"column":15}},"3":{"start":{"line":14,"column":2},"end":{"line":26,"column":4}},"4":{"start":{"line":15,"column":13},"end":{"line":15,"column":25}},"5":{"start":{"line":16,"column":14},"end":{"line":16,"column":36}},"6":{"start":{"line":17,"column":4},"end":{"line":17,"column":37}},"7":{"start":{"line":18,"column":4},"end":{"line":18,"column":37}},"8":{"start":{"line":20,"column":4},"end":{"line":25,"column":5}},"9":{"start":{"line":21,"column":6},"end":{"line":21,"column":21}},"10":{"start":{"line":23,"column":6},"end":{"line":23,"column":41}},"11":{"start":{"line":24,"column":6},"end":{"line":24,"column":30}},"12":{"start":{"line":27,"column":2},"end":{"line":27,"column":13}}},"fnMap":{"0":{"name":"(anonymous_0)","decl":{"start":{"line":1,"column":27},"end":{"line":1,"column":28}},"loc":{"start":{"line":11,"column":8},"end":{"line":28,"column":1}},"line":11},"1":{"name":"(anonymous_1)","decl":{"start":{"line":14,"column":15},"end":{"line":14,"column":16}},"loc":{"start":{"line":14,"column":23},"end":{"line":26,"column":3}},"line":14}},"branchMap":{"0":{"loc":{"start":{"line":3,"column":2},"end":{"line":11,"column":3}},"type":"default-arg","locations":[{"start":{"line":7,"column":6},"end":{"line":11,"column":3}}],"line":3},"1":{"loc":{"start":{"line":16,"column":14},"end":{"line":16,"column":36}},"type":"binary-expr","locations":[{"start":{"line":16,"column":14},"end":{"line":16,"column":30}},{"start":{"line":16,"column":34},"end":{"line":16,"column":36}}],"line":16},"2":{"loc":{"start":{"line":17,"column":19},"end":{"line":17,"column":37}},"type":"binary-expr","locations":[{"start":{"line":17,"column":19},"end":{"line":17,"column":31}},{"start":{"line":17,"column":35},"end":{"line":17,"column":37}}],"line":17},"3":{"loc":{"start":{"line":20,"column":4},"end":{"line":25,"column":5}},"type":"if","locations":[{"start":{"line":20,"column":4},"end":{"line":25,"column":5}},{"start":{"line":20,"column":4},"end":{"line":25,"column":5}}],"line":20},"4":{"loc":{"start":{"line":23,"column":22},"end":{"line":23,"column":41}},"type":"binary-expr","locations":[{"start":{"line":23,"column":22},"end":{"line":23,"column":35}},{"start":{"line":23,"column":39},"end":{"line":23,"column":41}}],"line":23}},"s":{"0":1,"1":1,"2":1,"3":1,"4":5,"5":5,"6":5,"7":5,"8":5,"9":2,"10":3,"11":3,"12":1},"f":{"0":1,"1":5},"b":{"0":[1],"1":[5,2],"2":[5,4],"3":[2,3],"4":[3,1]},"_coverageSchema":"1a1c01bbd47fc00a2c39e90264f33305004495a9","hash":"f7df104d79b8d012135f3a7f6a4921152a01bb9b"}
}
